<?xml version="1.0" encoding="UTF-8"?>
<!-- Generated by org.testng.reporters.JUnitReportReporter -->
<testsuite hostname="Sridhar" name="csjobs.model.dao.UserDaoTest" tests="3" failures="0" timestamp="16 Jul 2015 01:08:15 GMT" time="0.248" errors="0">
  <testcase name="getJobForSingleApplicant" time="0.068" classname="csjobs.model.dao.UserDaoTest"/>
  <testcase name="getAllJobs" time="0.164" classname="csjobs.model.dao.UserDaoTest"/>
  <testcase name="getReviewerJobs" time="0.016" classname="csjobs.model.dao.UserDaoTest"/>
</testsuite> <!-- csjobs.model.dao.UserDaoTest -->
