<?xml version="1.0" encoding="UTF-8"?>
<!-- Generated by org.testng.reporters.JUnitReportReporter -->
<testsuite hostname="Sridhar" name="csjobs.model.dao.CSJobsDaoTest" tests="4" failures="0" timestamp="17 Jul 2015 02:09:44 GMT" time="0.251" errors="0">
  <testcase name="getAllJobs" time="0.208" classname="csjobs.model.dao.CSJobsDaoTest"/>
  <testcase name="getJobForSingleApplicant" time="0.021" classname="csjobs.model.dao.CSJobsDaoTest"/>
  <testcase name="getUsers" time="0.009" classname="csjobs.model.dao.CSJobsDaoTest"/>
  <testcase name="getReviewerJobs" time="0.013" classname="csjobs.model.dao.CSJobsDaoTest"/>
</testsuite> <!-- csjobs.model.dao.CSJobsDaoTest -->
